[2017-07-22 00:06:35] START
[2017-07-22 00:16:32] EDIT touch_pay_client/views/default/index.html: -47
[2017-07-22 00:16:53] EDIT touch_pay_client/controllers/default.py: -7
[2017-07-22 00:20:30] EDIT touch_pay_client/views/default/index.html: 3
[2017-07-22 00:22:45] EDIT touch_pay_client/views/default/index.html: 1
[2017-07-22 00:24:20] EDIT touch_pay_client/views/default/index.html: 1
[2017-07-22 00:24:21] EDIT touch_pay_client/views/default/index.html: 0
[2017-07-22 00:24:39] EDIT touch_pay_client/views/default/index.html: 1
[2017-07-22 00:24:39] EDIT touch_pay_client/views/default/index.html: 0
[2017-07-22 00:25:12] EDIT touch_pay_client/views/default/index.html: 0
[2017-07-22 00:25:51] EDIT touch_pay_client/models/menu.py: 0
[2017-07-22 00:27:07] EDIT touch_pay_client/models/menu.py: -105
[2017-07-22 00:28:20] CREATE default/find_finger.html: 0
[2017-07-22 00:28:28] EDIT touch_pay_client/views/default/find_finger.html: 0
[2017-07-22 00:29:20] EDIT touch_pay_client/controllers/default.py: 2
[2017-07-22 00:46:45] EDIT touch_pay_client/controllers/default.py: 8
[2017-07-22 00:46:47] EDIT touch_pay_client/controllers/default.py: 0
[2017-07-22 00:47:00] EDIT touch_pay_client/controllers/default.py: -1
[2017-07-22 00:47:57] EDIT touch_pay_client/controllers/default.py: 0
[2017-07-22 00:48:25] EDIT touch_pay_client/controllers/default.py: 0
[2017-07-22 00:48:25] EDIT touch_pay_client/controllers/default.py: 0
[2017-07-22 00:50:34] EDIT touch_pay_client/controllers/default.py: 0
[2017-07-22 00:52:17] EDIT touch_pay_client/controllers/default.py: 1
[2017-07-22 00:52:27] EDIT touch_pay_client/controllers/default.py: 0
[2017-07-22 00:53:14] EDIT touch_pay_client/controllers/default.py: 1
[2017-07-22 00:54:25] EDIT touch_pay_client/controllers/default.py: 0
[2017-07-22 00:56:34] EDIT touch_pay_client/controllers/default.py: 0
[2017-07-22 01:39:58] EDIT touch_pay_client/views/default/index.html: 1
[2017-07-22 01:40:36] EDIT touch_pay_client/views/default/index.html: 2
